============================= test session starts ==============================
platform darwin -- Python 3.13.4, pytest-9.1.1, pluggy-1.6.0
rootdir: /Users/syedsafiullah/Documents/CAPSTONE (RAG WITH UNCERTAINITY QUANTIFICATION)/V2
configfile: pytest.ini
testpaths: tests
plugins: anyio-4.14.2
collected 36 items

tests/test_config_loads.py ......                                        [ 16%]
tests/test_phase2_profile.py ....                                        [ 27%]
tests/test_phase3_verification.py ....                                   [ 38%]
tests/test_phase4_select_140.py ....                                     [ 50%]
tests/test_phase5_calibration.py ...                                     [ 58%]
tests/test_phase6_knowledge_base.py ....                                 [ 69%]
tests/test_phase7_model_backend.py .....                                 [ 83%]
tests/test_storage_backup_recovery.py ......                             [100%]

============================== 36 passed in 4.94s ==============================
